build/app/outputs/mapping/release/seeds.txt
com.pichillilorenzo.flutter_inappwebview.R$color: int material_grey_100
com.pichillilorenzo.flutter_inappwebview.in_app_webview.InAppWebViewClient$6: android.webkit.WebView val$view
com.dexterous.flutterlocalnotifications.models.NotificationStyle: com.dexterous.flutterlocalnotifications.models.NotificationStyle BigPicture
androidx.window.R$id: int locale
com.pichillilorenzo.flutter_inappwebview.R$drawable: int abc_list_selector_background_transition_holo_light
com.pichillilorenzo.flutter_inappwebview.types.UserContentController: java.util.Map pluginScripts
com.google.android.gms.internal.ads.zzans: java.lang.String zzaK
com.pichillilorenzo.flutter_inappwebview.R$drawable: int notification_icon_background
com.google.android.gms.internal.ads.zzgkq: com.google.android.gms.internal.ads.zzgkq zzb
com.pichillilorenzo.flutter_inappwebview.R$style: int Base_Widget_AppCompat_ProgressBar_Horizontal
com.dexterous.flutterlocalnotifications.models.NotificationDetails: java.lang.String DATA_URI
com.google.android.gms.internal.ads.zzayk: int zzd
com.pichillilorenzo.flutter_inappwebview.R$styleable: int AppCompatTheme_colorSwitchThumbNormal
com.pichillilorenzo.flutter_inappwebview.R$styleable: int Toolbar_contentInsetStart
com.google.android.gms.internal.ads.zzaza: java.lang.String zze
com.pichillilorenzo.flutter_inappwebview.MyCookieManager: java.lang.String LOG_TAG
androidx.fragment.app.FragmentActivity: androidx.lifecycle.LifecycleRegistry mFragmentLifecycleRegistry
com.pichillilorenzo.flutter_inappwebview.R$attr: int listPreferredItemHeightLarge
com.google.android.gms.internal.ads.zzgig: int zze
com.google.android.gms.internal.ads.zzgvb: int zzi
com.pichillilorenzo.flutter_inappwebview.R$dimen: int abc_action_bar_content_inset_with_nav
com.google.android.gms.internal.ads.zzgim: com.google.android.gms.internal.ads.zzgim zzb
com.pichillilorenzo.flutter_inappwebview.R$styleable: int AppCompatTheme_actionModeSplitBackground
com.pichillilorenzo.flutter_inappwebview.R$attr: int measureWithLargestChild
io.flutter.view.AccessibilityViewEmbedder: android.view.View rootAccessibilityView
androidx.window.embedding.ExtensionEmbeddingBackend: java.lang.String TAG
com.google.android.gms.internal.ads.zzglz: int zzd
com.pichillilorenzo.flutter_inappwebview.R$styleable: int[] MenuItem
com.pichillilorenzo.flutter_inappwebview.R$styleable: int LinearLayoutCompat_android_baselineAligned
com.pichillilorenzo.flutter_inappwebview.R$styleable: int FragmentContainerView_android_tag
com.pichillilorenzo.flutter_inappwebview.R$style: int Base_TextAppearance_AppCompat_Large_Inverse
com.pichillilorenzo.flutter_inappwebview.types.NavigationAction: boolean hasGesture
com.pichillilorenzo.flutter_inappwebview.types.PreferredContentModeOptionType: int value
com.google.android.gms.internal.ads.zzaws: com.google.android.gms.internal.ads.zzaww zzf
com.pichillilorenzo.flutter_inappwebview.R$attr: int queryBackground
com.pichillilorenzo.flutter_inappwebview.R$styleable: int AppCompatTheme_actionOverflowButtonStyle
com.pichillilorenzo.flutter_inappwebview.R$style: int Base_ThemeOverlay_AppCompat_Dark_ActionBar
com.google.android.gms.internal.ads.zzaya: com.google.android.gms.internal.ads.zzaya zzb
com.google.android.gms.internal.ads.zzghf: com.google.android.gms.internal.ads.zzgjz zzf
com.pichillilorenzo.flutter_inappwebview.FlutterWebViewFactory$1: int[] $SwitchMap$com$pichillilorenzo$flutter_inappwebview$types$WebViewImplementation
com.pichillilorenzo.flutter_inappwebview.R$id: int none
com.pichillilorenzo.flutter_inappwebview.R$attr: int listPreferredItemHeight
com.pichillilorenzo.flutter_inappwebview.R$style: int Base_Widget_AppCompat_Button_Colored
com.google.android.gms.internal.ads.zzgvu: int zzf
com.pichillilorenzo.flutter_inappwebview.R$styleable: int GradientColor_android_endY
com.pichillilorenzo.flutter_inappwebview.R$styleable: int AppCompatTheme_seekBarStyle
com.pichillilorenzo.flutter_inappwebview.R$dimen: int notification_media_narrow_margin