build/app/outputs/mapping/release/usage.txt
learnigram.app.BuildConfig
learnigram.app.R$anim
learnigram.app.R$animator
learnigram.app.R$attr
learnigram.app.R$bool
learnigram.app.R$color
learnigram.app.R$dimen
learnigram.app.R$drawable
learnigram.app.R$id
learnigram.app.R$integer
learnigram.app.R$interpolator
learnigram.app.R$layout
learnigram.app.R$menu
learnigram.app.R$mipmap
learnigram.app.R$raw
learnigram.app.R$string
learnigram.app.R$style
learnigram.app.R$styleable
learnigram.app.R$xml
learnigram.app.R
...
com.google.android.gms.internal.ads.zzgmf:
    static final synthetic int[] zza
    static void <clinit>()
com.google.android.gms.internal.ads.zzgmg:
    private void <init>()
com.google.android.gms.internal.ads.zzgmi:
    static final synthetic int[] zza
    static void <clinit>()
com.google.android.gms.internal.ads.zzgml:
    static final synthetic int[] zza
    static void <clinit>()
com.google.android.gms.internal.ads.zzgmm:
    private void <init>()
com.google.android.gms.internal.ads.zzgom:
    public synthetic bridge java.lang.Object clone()
    public abstract com.google.android.gms.internal.ads.zzgom zzah()
com.google.android.gms.internal.ads.zzgoo:
    public void add(int,java.lang.Object)
    public java.lang.Object set(int,java.lang.Object)
com.google.android.gms.internal.ads.zzgoq:
    void <init>()
com.google.android.gms.internal.ads.zzgpd:
    private void <init>()
com.google.android.gms.internal.ads.zzgpq:
    void <init>()
com.google.android.gms.internal.ads.zzgpy:
    public static final synthetic int zzb
com.google.android.gms.internal.ads.zzgqi:
    public final synthetic bridge com.google.android.gms.internal.ads.zzgom zzah()
    public final synthetic com.google.android.gms.internal.ads.zzgrw zzbf()
com.google.android.gms.internal.ads.zzgql
com.google.android.gms.internal.ads.zzgrb:
    public final boolean equals(java.lang.Object)
    public final int hashCode()
    public final java.lang.String toString()
com.google.android.gms.internal.ads.zzgrg:
    private void <init>()
com.google.android.gms.internal.ads.zzgri:
    private void <init>()
com.google.android.gms.internal.ads.zzgsf:
    void <init>()
com.google.android.gms.internal.ads.zzgsk:
    private void <init>()
com.google.android.gms.internal.ads.zzgso:
    public final java.nio.ByteBuffer zzn()
com.google.android.gms.internal.ads.zzgub:
    static final synthetic int[] zza
    static void <clinit>()
com.google.android.gms.internal.ads.zzgud:
    private void <init>()
com.google.android.gms.internal.ads.zzgue:
    private void <init>()
com.google.android.gms.internal.ads.zzguo:
    private void <init>()
com.google.android.gms.internal.ads.zzgup:
    private void <init>()
com.google.android.gms.internal.ads.zzgut:
    private void <init>()
com.google.android.gms.internal.ads.zzguz:
    private void <init>()
com.google.android.gms.internal.ads.zzgvc:
    private void <init>()
com.google.android.gms.internal.ads.zzgvd:
    private void <init>()
com.google.android.gms.internal.ads.zzgvs:
    private void <init>()
com.google.android.gms.internal.ads.zzgvv:
    private void <init>()
com.google.android.gms.internal.ads.zzgvx:
    private void <init>()
com.google.android.gms.internal.ads.zzgvz:
    private void <init>()
com.google.android.gms.internal.ads.zzgwb:
    private void <init>()
com.google.android.gms.internal.ads.zzja:
    private void <init>()
com.google.android.gms.internal.ads.zzni:
    public void <init>()
com.google.android.gms.internal.ads.zzrm:
    private void <init>()
com.google.android.gms.internal.ads.zzsg:
    public com.google.android.gms.internal.ads.zzck zzd(int,com.google.android.gms.internal.ads.zzck,boolean)
    public com.google.android.gms.internal.ads.zzcm zze(int,com.google.android.gms.internal.ads.zzcm,long)
com.google.android.gms.internal.ads.zzsr:
    public static final com.google.android.gms.internal.ads.zzsr zza
    static void <clinit>()
com.google.android.gms.internal.ads.zztd
com.google.android.gms.internal.ads.zzte
com.google.android.gms.internal.ads.zzuo
com.google.android.gms.internal.ads.zzup:
    public void <init>()
com.google.android.gms.internal.ads.zzut:
    public com.google.android.gms.internal.ads.zzsq zzH(com.google.android.gms.internal.ads.zzss,com.google.android.gms.internal.ads.zzwt,long)
com.google.android.gms.internal.ads.zzwc:
    public void <init>()
com.google.android.gms.internal.ads.zzww:
    public void <init>()
com.google.android.gms.internal.ads.zzwx:
    public void <init>()